1545504689559:getStudents
1545504701152:Get students
1545504778310:getStudents
1545505130381:students
1545505139018:student 1
1545505653615:students
1545505846371:student
1545505848995:student 1
1545505883993:students
1545506029848:student 1
1545506032865:student 3
1545506035784:student 2
1545506402735:students
1545506661270:student 1
1545506906508:students
1545506910890:student 1
1545507587530:student 3
1545507713330:student 2
1545508049009:getquestions
1545508064445:questions
1545508785542:table
1545508934653:tables
1545509450580:questions
1545509840215:create_student
1545509898561:create John Deer
1545509913764:students
1545510559103:create Allash Derp
1545510568141:questions
1545510586124:answer 59095 1 London
1545510604317:answer 59095 2 Moscow
1545510611473:answer 59095 3 Bla
1545510618149:calculate 59095
1545510666202:answer 1 1 London
1545510672928:answer 1 2 Moscow
1545510677915:answer 1 3 Bla
1545510683455:calculate 1
1545511311012:students
1545512025112:student 1
